#
# There is insufficient memory for the Java Runtime Environment to continue.
# Native memory allocation (malloc) failed to allocate 32744 bytes for ChunkPool::allocate
# Possible reasons:
#   The system is out of physical RAM or swap space
#   In 32 bit mode, the process size limit was hit
# Possible solutions:
#   Reduce memory load on the system
#   Increase physical memory or swap space
#   Check if swap backing store is full
#   Use 64 bit Java on a 64 bit OS
#   Decrease Java heap size (-Xmx/-Xms)
#   Decrease number of Java threads
#   Decrease Java thread stack sizes (-Xss)
#   Set larger code cache with -XX:ReservedCodeCacheSize=
# This output file may be truncated or incomplete.
#
#  Out of Memory Error (allocation.cpp:271), pid=10128, tid=7912
#
# JRE version: Java(TM) SE Runtime Environment (8.0-b132) (build 1.8.0-b132)
# Java VM: Java HotSpot(TM) 64-Bit Server VM (25.0-b70 mixed mode windows-amd64 compressed oops)
# Failed to write core dump. Minidumps are not enabled by default on client versions of Windows
#

---------------  T H R E A D  ---------------

Current thread (0x0000000007d6d800):  JavaThread "C2 CompilerThread0" daemon [_thread_in_native, id=7912, stack(0x00000000092e0000,0x00000000093e0000)]

Stack: [0x00000000092e0000,0x00000000093e0000]
Native frames: (J=compiled Java code, j=interpreted, Vv=VM code, C=native code)
V  [jvm.dll+0x308e0a]
V  [jvm.dll+0x25df11]
V  [jvm.dll+0x25eb2f]
V  [jvm.dll+0x256505]
V  [jvm.dll+0xbcd51]
V  [jvm.dll+0xbd48c]
V  [jvm.dll+0x4db75b]
V  [jvm.dll+0x436474]
V  [jvm.dll+0x44113e]
V  [jvm.dll+0x4436c9]
V  [jvm.dll+0x427552]
V  [jvm.dll+0x96732]
V  [jvm.dll+0x96f23]
V  [jvm.dll+0x2232e4]
V  [jvm.dll+0x27baea]
C  [msvcr100.dll+0x21d9f]
C  [msvcr100.dll+0x21e3b]
C  [KERNEL32.DLL+0x13d2]
C  [ntdll.dll+0x15444]


Current CompileTask:
C2: 139625 1974   !   4       java.io.ObjectInputStream::readObject0 (554 bytes)


---------------  P R O C E S S  ---------------

Java Threads: ( => current thread )
  0x0000000009f56000 JavaThread "Incoming,ExampleFederation,DanielAsus-65493" daemon [_thread_blocked, id=8496, stack(0x000000001e510000,0x000000001e610000)]
  0x0000000009f4d000 JavaThread "Incoming,ExampleFederation,DanielAsus-65493" daemon [_thread_blocked, id=8900, stack(0x000000001e410000,0x000000001e510000)]
  0x000000000a909800 JavaThread "multicast receiver,ExampleFederation,DanielAsus-65493" daemon [_thread_in_native, id=8592, stack(0x000000001e310000,0x000000001e410000)]
  0x000000000a908800 JavaThread "unicast receiver,ExampleFederation,DanielAsus-65493" daemon [_thread_in_native, id=3580, stack(0x000000001e210000,0x000000001e310000)]
  0x0000000007da9800 JavaThread "TransferQueueBundler,ExampleFederation,DanielAsus-65493" daemon [_thread_blocked, id=1332, stack(0x000000001e110000,0x000000001e210000)]
  0x000000000ac4e000 JavaThread "DiagnosticsHandler,ExampleFederation,DanielAsus-65493" daemon [_thread_in_native, id=10132, stack(0x000000001e010000,0x000000001e110000)]
  0x000000000ac4b000 JavaThread "Incoming" daemon [_thread_blocked, id=9320, stack(0x000000000c950000,0x000000000ca50000)]
  0x000000000c5d9000 JavaThread "Timer runner-1,<CL-NAME>,<ADDR>" daemon [_thread_blocked, id=188, stack(0x000000000b7b0000,0x000000000b8b0000)]
  0x00000000096d0800 JavaThread "Monitor Ctrl-Break" daemon [_thread_in_native, id=6856, stack(0x0000000009be0000,0x0000000009ce0000)]
  0x0000000009618800 JavaThread "Service Thread" daemon [_thread_blocked, id=9324, stack(0x00000000099e0000,0x0000000009ae0000)]
  0x0000000007d80000 JavaThread "C1 CompilerThread2" daemon [_thread_blocked, id=516, stack(0x00000000094e0000,0x00000000095e0000)]
  0x0000000007d73000 JavaThread "C2 CompilerThread1" daemon [_thread_blocked, id=5328, stack(0x00000000093e0000,0x00000000094e0000)]
=>0x0000000007d6d800 JavaThread "C2 CompilerThread0" daemon [_thread_in_native, id=7912, stack(0x00000000092e0000,0x00000000093e0000)]
  0x0000000007d6c000 JavaThread "Attach Listener" daemon [_thread_blocked, id=8604, stack(0x00000000091e0000,0x00000000092e0000)]
  0x0000000007d6b000 JavaThread "Signal Dispatcher" daemon [_thread_blocked, id=2904, stack(0x00000000090e0000,0x00000000091e0000)]
  0x0000000002205000 JavaThread "Finalizer" daemon [_thread_blocked, id=8888, stack(0x0000000008fe0000,0x00000000090e0000)]
  0x00000000021fc000 JavaThread "Reference Handler" daemon [_thread_blocked, id=5944, stack(0x0000000008ee0000,0x0000000008fe0000)]
  0x000000000208e000 JavaThread "main" [_thread_blocked, id=9864, stack(0x0000000001f40000,0x0000000002040000)]

Other Threads:
  0x0000000007d35000 VMThread [stack: 0x0000000008de0000,0x0000000008ee0000] [id=1956]
  0x000000000961b000 WatcherThread [stack: 0x0000000009ae0000,0x0000000009be0000] [id=1208]

VM state:not at safepoint (normal execution)

VM Mutex/Monitor currently owned by a thread: None

Heap:
 PSYoungGen      total 70144K, used 40407K [0x00000000d5d00000, 0x00000000dac00000, 0x0000000100000000)
  eden space 64000K, 53% used [0x00000000d5d00000,0x00000000d7e77818,0x00000000d9b80000)
  from space 6144K, 99% used [0x00000000da300000,0x00000000da8fe6a8,0x00000000da900000)
  to   space 7680K, 0% used [0x00000000d9b80000,0x00000000d9b80000,0x00000000da300000)
 ParOldGen       total 129536K, used 7332K [0x0000000081600000, 0x0000000089480000, 0x00000000d5d00000)
  object space 129536K, 5% used [0x0000000081600000,0x0000000081d29348,0x0000000089480000)
 Metaspace       used 13045K, capacity 13262K, committed 13440K, reserved 1060864K
  class space    used 1487K, capacity 1538K, committed 1664K, reserved 1048576K

Card table byte_map: [0x00000000025d0000,0x00000000029d0000] byte_map_base: 0x00000000021c5000

Marking Bits: (ParMarkBitMap*) 0x00000000740913b0
 Begin Bits: [0x0000000003080000, 0x0000000005028000)
 End Bits:   [0x0000000005028000, 0x0000000006fd0000)

Polling page: 0x00000000007b0000

CodeCache: size=245760Kb used=7674Kb max_used=7685Kb free=238085Kb
 bounds [0x000000000f010000, 0x000000000f7a0000, 0x000000001e010000]
 total_blobs=2318 nmethods=1973 adapters=258
 compilation: enabled

Compilation events (10 events):
Event: 138.601 Thread 0x0000000007d73000 nmethod 1970 0x000000000f790a90 code [0x000000000f790be0, 0x000000000f790cd8]
Event: 138.779 Thread 0x0000000007d80000 1971       3       java.util.concurrent.ConcurrentSkipListMap$EntrySet::iterator (32 bytes)
Event: 138.779 Thread 0x0000000007d80000 nmethod 1971 0x000000000f78ff90 code [0x000000000f790140, 0x000000000f790858]
Event: 138.779 Thread 0x0000000007d80000 1972       3       java.util.concurrent.ConcurrentSkipListMap$SubMap::entryIterator (9 bytes)
Event: 138.780 Thread 0x0000000007d80000 nmethod 1972 0x000000000f795510 code [0x000000000f795680, 0x000000000f7958e8]
Event: 138.780 Thread 0x0000000007d80000 1973       3       java.util.concurrent.ConcurrentSkipListMap$SubMap::inBounds (24 bytes)
Event: 138.780 Thread 0x0000000007d80000 nmethod 1973 0x000000000f794f50 code [0x000000000f7950c0, 0x000000000f795438]
Event: 138.783 Thread 0x0000000007d6d800 1974   !   4       java.io.ObjectInputStream::readObject0 (554 bytes)
Event: 139.136 Thread 0x0000000007d73000 1975       4       java.lang.Long::valueOf (36 bytes)
Event: 139.138 Thread 0x0000000007d73000 nmethod 1975 0x000000000f78fc90 code [0x000000000f78fde0, 0x000000000f78feb8]

GC Heap History (10 events):
Event: 1.633 GC heap before
{Heap before GC invocations=14 (full 0):
 PSYoungGen      total 20480K, used 20451K [0x00000000d5d00000, 0x00000000d7f00000, 0x0000000100000000)
  eden space 18432K, 100% used [0x00000000d5d00000,0x00000000d6f00000,0x00000000d6f00000)
  from space 2048K, 98% used [0x00000000d6f00000,0x00000000d70f8c88,0x00000000d7100000)
  to   space 2560K, 0% used [0x00000000d7c80000,0x00000000d7c80000,0x00000000d7f00000)
 ParOldGen       total 129536K, used 2455K [0x0000000081600000, 0x0000000089480000, 0x00000000d5d00000)
  object space 129536K, 1% used [0x0000000081600000,0x0000000081865d68,0x0000000089480000)
 Metaspace       used 4604K, capacity 5500K, committed 5760K, reserved 1056768K
  class space    used 538K, capacity 560K, committed 640K, reserved 1048576K
Event: 1.637 GC heap after
Heap after GC invocations=14 (full 0):
 PSYoungGen      total 31744K, used 2553K [0x00000000d5d00000, 0x00000000d8000000, 0x0000000100000000)
  eden space 29184K, 0% used [0x00000000d5d00000,0x00000000d5d00000,0x00000000d7980000)
  from space 2560K, 99% used [0x00000000d7c80000,0x00000000d7efe718,0x00000000d7f00000)
  to   space 3072K, 0% used [0x00000000d7980000,0x00000000d7980000,0x00000000d7c80000)
 ParOldGen       total 129536K, used 2613K [0x0000000081600000, 0x0000000089480000, 0x00000000d5d00000)
  object space 129536K, 2% used [0x0000000081600000,0x000000008188d7e8,0x0000000089480000)
 Metaspace       used 4604K, capacity 5500K, committed 5760K, reserved 1056768K
  class space    used 538K, capacity 560K, committed 640K, reserved 1048576K
}
Event: 1.890 GC heap before
{Heap before GC invocations=15 (full 0):
 PSYoungGen      total 31744K, used 31737K [0x00000000d5d00000, 0x00000000d8000000, 0x0000000100000000)
  eden space 29184K, 100% used [0x00000000d5d00000,0x00000000d7980000,0x00000000d7980000)
  from space 2560K, 99% used [0x00000000d7c80000,0x00000000d7efe718,0x00000000d7f00000)
  to   space 3072K, 0% used [0x00000000d7980000,0x00000000d7980000,0x00000000d7c80000)
 ParOldGen       total 129536K, used 2613K [0x0000000081600000, 0x0000000089480000, 0x00000000d5d00000)
  object space 129536K, 2% used [0x0000000081600000,0x000000008188d7e8,0x0000000089480000)
 Metaspace       used 4604K, capacity 5500K, committed 5760K, reserved 1056768K
  class space    used 538K, capacity 560K, committed 640K, reserved 1048576K
Event: 1.895 GC heap after
Heap after GC invocations=15 (full 0):
 PSYoungGen      total 32256K, used 3040K [0x00000000d5d00000, 0x00000000d9300000, 0x0000000100000000)
  eden space 29184K, 0% used [0x00000000d5d00000,0x00000000d5d00000,0x00000000d7980000)
  from space 3072K, 98% used [0x00000000d7980000,0x00000000d7c78128,0x00000000d7c80000)
  to   space 4096K, 0% used [0x00000000d8f00000,0x00000000d8f00000,0x00000000d9300000)
 ParOldGen       total 129536K, used 3688K [0x0000000081600000, 0x0000000089480000, 0x00000000d5d00000)
  object space 129536K, 2% used [0x0000000081600000,0x000000008199a308,0x0000000089480000)
 Metaspace       used 4604K, capacity 5500K, committed 5760K, reserved 1056768K
  class space    used 538K, capacity 560K, committed 640K, reserved 1048576K
}
Event: 2.081 GC heap before
{Heap before GC invocations=16 (full 0):
 PSYoungGen      total 32256K, used 32224K [0x00000000d5d00000, 0x00000000d9300000, 0x0000000100000000)
  eden space 29184K, 100% used [0x00000000d5d00000,0x00000000d7980000,0x00000000d7980000)
  from space 3072K, 98% used [0x00000000d7980000,0x00000000d7c78128,0x00000000d7c80000)
  to   space 4096K, 0% used [0x00000000d8f00000,0x00000000d8f00000,0x00000000d9300000)
 ParOldGen       total 129536K, used 3688K [0x0000000081600000, 0x0000000089480000, 0x00000000d5d00000)
  object space 129536K, 2% used [0x0000000081600000,0x000000008199a308,0x0000000089480000)
 Metaspace       used 4605K, capacity 5500K, committed 5760K, reserved 1056768K
  class space    used 538K, capacity 560K, committed 640K, reserved 1048576K
Event: 2.086 GC heap after
Heap after GC invocations=16 (full 0):
 PSYoungGen      total 50688K, used 4083K [0x00000000d5d00000, 0x00000000d9400000, 0x0000000100000000)
  eden space 46592K, 0% used [0x00000000d5d00000,0x00000000d5d00000,0x00000000d8a80000)
  from space 4096K, 99% used [0x00000000d8f00000,0x00000000d92fcff0,0x00000000d9300000)
  to   space 4608K, 0% used [0x00000000d8a80000,0x00000000d8a80000,0x00000000d8f00000)
 ParOldGen       total 129536K, used 3866K [0x0000000081600000, 0x0000000089480000, 0x00000000d5d00000)
  object space 129536K, 2% used [0x0000000081600000,0x00000000819c6b20,0x0000000089480000)
 Metaspace       used 4605K, capacity 5500K, committed 5760K, reserved 1056768K
  class space    used 538K, capacity 560K, committed 640K, reserved 1048576K
}
Event: 3.402 GC heap before
{Heap before GC invocations=17 (full 0):
 PSYoungGen      total 50688K, used 50675K [0x00000000d5d00000, 0x00000000d9400000, 0x0000000100000000)
  eden space 46592K, 100% used [0x00000000d5d00000,0x00000000d8a80000,0x00000000d8a80000)
  from space 4096K, 99% used [0x00000000d8f00000,0x00000000d92fcff0,0x00000000d9300000)
  to   space 4608K, 0% used [0x00000000d8a80000,0x00000000d8a80000,0x00000000d8f00000)
 ParOldGen       total 129536K, used 3866K [0x0000000081600000, 0x0000000089480000, 0x00000000d5d00000)
  object space 129536K, 2% used [0x0000000081600000,0x00000000819c6b20,0x0000000089480000)
 Metaspace       used 5971K, capacity 6466K, committed 6784K, reserved 1056768K
  class space    used 779K, capacity 817K, committed 896K, reserved 1048576K
Event: 3.429 GC heap after
Heap after GC invocations=17 (full 0):
 PSYoungGen      total 51200K, used 4603K [0x00000000d5d00000, 0x00000000da900000, 0x0000000100000000)
  eden space 46592K, 0% used [0x00000000d5d00000,0x00000000d5d00000,0x00000000d8a80000)
  from space 4608K, 99% used [0x00000000d8a80000,0x00000000d8efed48,0x00000000d8f00000)
  to   space 6144K, 0% used [0x00000000da300000,0x00000000da300000,0x00000000da900000)
 ParOldGen       total 129536K, used 5937K [0x0000000081600000, 0x0000000089480000, 0x00000000d5d00000)
  object space 129536K, 4% used [0x0000000081600000,0x0000000081bcc630,0x0000000089480000)
 Metaspace       used 5971K, capacity 6466K, committed 6784K, reserved 1056768K
  class space    used 779K, capacity 817K, committed 896K, reserved 1048576K
}
Event: 5.772 GC heap before
{Heap before GC invocations=18 (full 0):
 PSYoungGen      total 51200K, used 51195K [0x00000000d5d00000, 0x00000000da900000, 0x0000000100000000)
  eden space 46592K, 100% used [0x00000000d5d00000,0x00000000d8a80000,0x00000000d8a80000)
  from space 4608K, 99% used [0x00000000d8a80000,0x00000000d8efed48,0x00000000d8f00000)
  to   space 6144K, 0% used [0x00000000da300000,0x00000000da300000,0x00000000da900000)
 ParOldGen       total 129536K, used 5937K [0x0000000081600000, 0x0000000089480000, 0x00000000d5d00000)
  object space 129536K, 4% used [0x0000000081600000,0x0000000081bcc630,0x0000000089480000)
 Metaspace       used 9284K, capacity 9396K, committed 9728K, reserved 1058816K
  class space    used 1131K, capacity 1171K, committed 1280K, reserved 1048576K
Event: 5.780 GC heap after
Heap after GC invocations=18 (full 0):
 PSYoungGen      total 70144K, used 6137K [0x00000000d5d00000, 0x00000000dac00000, 0x0000000100000000)
  eden space 64000K, 0% used [0x00000000d5d00000,0x00000000d5d00000,0x00000000d9b80000)
  from space 6144K, 99% used [0x00000000da300000,0x00000000da8fe6a8,0x00000000da900000)
  to   space 7680K, 0% used [0x00000000d9b80000,0x00000000d9b80000,0x00000000da300000)
 ParOldGen       total 129536K, used 7332K [0x0000000081600000, 0x0000000089480000, 0x00000000d5d00000)
  object space 129536K, 5% used [0x0000000081600000,0x0000000081d29348,0x0000000089480000)
 Metaspace       used 9284K, capacity 9396K, committed 9728K, reserved 1058816K
  class space    used 1131K, capacity 1171K, committed 1280K, reserved 1048576K
}

Deoptimization events (10 events):
Event: 5.932 Thread 0x000000000208e000 Uncommon trap: reason=class_check action=maybe_recompile pc=0x000000000f399a04 method=java.util.HashMap.putVal(ILjava/lang/Object;Ljava/lang/Object;ZZ)Ljava/lang/Object; @ 203
Event: 5.939 Thread 0x000000000208e000 Uncommon trap: reason=class_check action=maybe_recompile pc=0x000000000f396ba4 method=java.util.HashMap.putVal(ILjava/lang/Object;Ljava/lang/Object;ZZ)Ljava/lang/Object; @ 203
Event: 8.292 Thread 0x000000000208e000 Uncommon trap: reason=range_check action=make_not_entrant pc=0x000000000f323860 method=sun.reflect.generics.parser.SignatureParser.current()C @ 34
Event: 11.287 Thread 0x000000000208e000 Uncommon trap: reason=class_check action=maybe_recompile pc=0x000000000f500c04 method=java.util.LinkedHashMap.afterNodeInsertion(Z)V @ 15
Event: 17.877 Thread 0x000000000208e000 Uncommon trap: reason=class_check action=maybe_recompile pc=0x000000000f500c04 method=java.util.LinkedHashMap.afterNodeInsertion(Z)V @ 15
Event: 21.495 Thread 0x0000000009f4d000 Uncommon trap: reason=unreached action=reinterpret pc=0x000000000f35ebdc method=java.util.Date.normalize()Lsun/util/calendar/BaseCalendar$Date; @ 4
Event: 133.706 Thread 0x000000000208e000 Uncommon trap: reason=unreached action=reinterpret pc=0x000000000f4c07f8 method=java.util.HashMap.hash(Ljava/lang/Object;)I @ 1
Event: 133.707 Thread 0x000000000208e000 Uncommon trap: reason=unreached action=reinterpret pc=0x000000000f35b168 method=java.util.HashMap.hash(Ljava/lang/Object;)I @ 1
Event: 134.084 Thread 0x000000000208e000 Uncommon trap: reason=unreached action=reinterpret pc=0x000000000f686314 method=java.util.concurrent.locks.AbstractQueuedSynchronizer.isOnSyncQueue(Ljava/util/concurrent/locks/AbstractQueuedSynchronizer$Node;)Z @ 22
Event: 134.787 Thread 0x000000000208e000 Uncommon trap: reason=unreached action=reinterpret pc=0x000000000f682748 method=java.util.concurrent.locks.AbstractQueuedSynchronizer.isOnSyncQueue(Ljava/util/concurrent/locks/AbstractQueuedSynchronizer$Node;)Z @ 22

Internal exceptions (10 events):
Event: 133.717 Thread 0x000000000208e000 Exception <a 'java/lang/NoSuchMethodError': <clinit>> (0x00000000d70fc588) thrown at [D:\re\workspace\8-2-build-windows-amd64-cygwin\jdk8\2238\hotspot\src\share\vm\prims\jni.cpp, line 1599]
Event: 133.717 Thread 0x000000000208e000 Exception <a 'java/security/PrivilegedActionException'> (0x00000000d70fd778) thrown at [D:\re\workspace\8-2-build-windows-amd64-cygwin\jdk8\2238\hotspot\src\share\vm\prims\jvm.cpp, line 1248]
Event: 133.718 Thread 0x000000000208e000 Exception <a 'java/security/PrivilegedActionException'> (0x00000000d7101df0) thrown at [D:\re\workspace\8-2-build-windows-amd64-cygwin\jdk8\2238\hotspot\src\share\vm\prims\jvm.cpp, line 1248]
Event: 133.719 Thread 0x000000000208e000 Exception <a 'java/security/PrivilegedActionException'> (0x00000000d71086c0) thrown at [D:\re\workspace\8-2-build-windows-amd64-cygwin\jdk8\2238\hotspot\src\share\vm\prims\jvm.cpp, line 1248]
Event: 133.720 Thread 0x000000000208e000 Exception <a 'java/security/PrivilegedActionException'> (0x00000000d710d968) thrown at [D:\re\workspace\8-2-build-windows-amd64-cygwin\jdk8\2238\hotspot\src\share\vm\prims\jvm.cpp, line 1248]
Event: 133.720 Thread 0x000000000208e000 Exception <a 'java/security/PrivilegedActionException'> (0x00000000d7112538) thrown at [D:\re\workspace\8-2-build-windows-amd64-cygwin\jdk8\2238\hotspot\src\share\vm\prims\jvm.cpp, line 1248]
Event: 133.721 Thread 0x000000000208e000 Exception <a 'java/security/PrivilegedActionException'> (0x00000000d7115b20) thrown at [D:\re\workspace\8-2-build-windows-amd64-cygwin\jdk8\2238\hotspot\src\share\vm\prims\jvm.cpp, line 1248]
Event: 133.723 Thread 0x000000000208e000 Exception <a 'java/security/PrivilegedActionException'> (0x00000000d711d580) thrown at [D:\re\workspace\8-2-build-windows-amd64-cygwin\jdk8\2238\hotspot\src\share\vm\prims\jvm.cpp, line 1248]
Event: 133.726 Thread 0x000000000208e000 Exception <a 'java/security/PrivilegedActionException'> (0x00000000d71214c8) thrown at [D:\re\workspace\8-2-build-windows-amd64-cygwin\jdk8\2238\hotspot\src\share\vm\prims\jvm.cpp, line 1248]
Event: 133.729 Thread 0x000000000208e000 Exception <a 'java/security/PrivilegedActionException'> (0x00000000d7126378) thrown at [D:\re\workspace\8-2-build-windows-amd64-cygwin\jdk8\2238\hotspot\src\share\vm\prims\jvm.cpp, line 1248]

Events (10 events):
Event: 133.729 loading class hla/rti1516e/MessageRetractionReturn
Event: 133.729 loading class hla/rti1516e/MessageRetractionReturn done
Event: 133.782 Executing VM operation: RevokeBias
Event: 133.785 Executing VM operation: RevokeBias done
Event: 134.084 Thread 0x000000000208e000 Uncommon trap: trap_request=0xffffffad fr.pc=0x000000000f686314
Event: 134.084 Thread 0x000000000208e000 DEOPT PACKING pc=0x000000000f686314 sp=0x000000000203e630
Event: 134.084 Thread 0x000000000208e000 DEOPT UNPACKING pc=0x000000000f0555af sp=0x000000000203e588 mode 2
Event: 134.787 Thread 0x000000000208e000 Uncommon trap: trap_request=0xffffffad fr.pc=0x000000000f682748
Event: 134.787 Thread 0x000000000208e000 DEOPT PACKING pc=0x000000000f682748 sp=0x000000000203e5e0
Event: 134.787 Thread 0x000000000208e000 DEOPT UNPACKING pc=0x000000000f0555af sp=0x000000000203e588 mode 2


Dynamic libraries:
0x00007ff7a79f0000 - 0x00007ff7a7a24000 	C:\Program Files\Java\jdk1.8.0\bin\java.exe
0x00007ff992a30000 - 0x00007ff992bdc000 	C:\Windows\SYSTEM32\ntdll.dll
0x00007ff990290000 - 0x00007ff9903ce000 	C:\Windows\system32\KERNEL32.DLL
0x00007ff98ff40000 - 0x00007ff990055000 	C:\Windows\system32\KERNELBASE.dll
0x00007ff98e6d0000 - 0x00007ff98e75e000 	C:\Windows\system32\apphelp.dll
0x00007ff9779b0000 - 0x00007ff977a03000 	C:\Windows\AppPatch\AppPatch64\AcGenral.DLL
0x00007ff990a90000 - 0x00007ff990b3a000 	C:\Windows\system32\msvcrt.dll
0x00007ff98f9d0000 - 0x00007ff98f9fe000 	C:\Windows\SYSTEM32\SspiCli.dll
0x00007ff990b60000 - 0x00007ff990bb4000 	C:\Windows\system32\SHLWAPI.dll
0x00007ff992140000 - 0x00007ff9922b7000 	C:\Windows\system32\USER32.dll
0x00007ff992870000 - 0x00007ff992a04000 	C:\Windows\system32\ole32.dll
0x00007ff990bc0000 - 0x00007ff9920d8000 	C:\Windows\system32\SHELL32.dll
0x00007ff98f130000 - 0x00007ff98f151000 	C:\Windows\SYSTEM32\USERENV.dll
0x00007ff992760000 - 0x00007ff99280a000 	C:\Windows\system32\ADVAPI32.dll
0x00007ff9869c0000 - 0x00007ff9869de000 	C:\Windows\SYSTEM32\MPR.dll
0x00007ff9903d0000 - 0x00007ff990511000 	C:\Windows\system32\RPCRT4.dll
0x00007ff9922c0000 - 0x00007ff992319000 	C:\Windows\SYSTEM32\sechost.dll
0x00007ff992320000 - 0x00007ff992531000 	C:\Windows\SYSTEM32\combase.dll
0x00007ff990820000 - 0x00007ff990971000 	C:\Windows\system32\GDI32.dll
0x00007ff98fb80000 - 0x00007ff98fb95000 	C:\Windows\SYSTEM32\profapi.dll
0x00007ff98e080000 - 0x00007ff98e132000 	C:\Windows\SYSTEM32\SHCORE.dll
0x00007ff990a50000 - 0x00007ff990a86000 	C:\Windows\system32\IMM32.DLL
0x00007ff992600000 - 0x00007ff992752000 	C:\Windows\system32\MSCTF.dll
0x00007ff98fb30000 - 0x00007ff98fb62000 	C:\Windows\system32\nvinitx.dll
0x00007ff98fb20000 - 0x00007ff98fb2a000 	C:\Windows\SYSTEM32\VERSION.dll
0x000000000f000000 - 0x000000000f006000 	C:\Program Files\NVIDIA Corporation\CoProcManager\_etoured.dll
0x00007ff98db10000 - 0x00007ff98db42000 	C:\Program Files\NVIDIA Corporation\CoProcManager\nvd3d9wrapx.dll
0x00007ff9900b0000 - 0x00007ff99028a000 	C:\Windows\system32\SETUPAPI.dll
0x00007ff990060000 - 0x00007ff9900af000 	C:\Windows\system32\CFGMGR32.dll
0x00007ff98dae0000 - 0x00007ff98db02000 	C:\Program Files\NVIDIA Corporation\CoProcManager\nvdxgiwrapx.dll
0x00007ff98dc00000 - 0x00007ff98de7a000 	C:\Windows\WinSxS\amd64_microsoft.windows.common-controls_6595b64144ccf1df_6.0.9600.17810_none_6240b9c7ecbd0bda\COMCTL32.dll
0x0000000074110000 - 0x00000000741e2000 	C:\Program Files\Java\jdk1.8.0\jre\bin\msvcr100.dll
0x00000000738e0000 - 0x000000007410a000 	C:\Program Files\Java\jdk1.8.0\jre\bin\server\jvm.dll
0x00007ff986a50000 - 0x00007ff986a59000 	C:\Windows\SYSTEM32\WSOCK32.dll
0x00007ff98cd40000 - 0x00007ff98cd62000 	C:\Windows\SYSTEM32\WINMM.dll
0x00007ff990810000 - 0x00007ff990817000 	C:\Windows\system32\PSAPI.DLL
0x00007ff992810000 - 0x00007ff99286a000 	C:\Windows\system32\WS2_32.dll
0x00007ff98cd00000 - 0x00007ff98cd2a000 	C:\Windows\SYSTEM32\WINMMBASE.dll
0x00007ff990a40000 - 0x00007ff990a49000 	C:\Windows\system32\NSI.dll
0x00007ff98e950000 - 0x00007ff98e978000 	C:\Windows\SYSTEM32\DEVOBJ.dll
0x00000000738d0000 - 0x00000000738df000 	C:\Program Files\Java\jdk1.8.0\jre\bin\verify.dll
0x00000000738a0000 - 0x00000000738c8000 	C:\Program Files\Java\jdk1.8.0\jre\bin\java.dll
0x0000000073880000 - 0x0000000073896000 	C:\Program Files\Java\jdk1.8.0\jre\bin\zip.dll
0x00007ff98d120000 - 0x00007ff98d130000 	C:\Program Files (x86)\JetBrains\IntelliJ IDEA 14.1.3\bin\breakgen64.dll
0x0000000073860000 - 0x000000007387a000 	C:\Program Files\Java\jdk1.8.0\jre\bin\net.dll
0x00007ff98f410000 - 0x00007ff98f469000 	C:\Windows\system32\mswsock.dll
0x00007ff98a020000 - 0x00007ff98a04a000 	C:\Windows\SYSTEM32\IPHLPAPI.DLL
0x00007ff989ce0000 - 0x00007ff989cea000 	C:\Windows\SYSTEM32\WINNSI.DLL
0x00007ff989930000 - 0x00007ff989946000 	C:\Windows\SYSTEM32\dhcpcsvc6.DLL
0x00007ff989910000 - 0x00007ff98992a000 	C:\Windows\SYSTEM32\dhcpcsvc.DLL
0x00007ff98f470000 - 0x00007ff98f490000 	C:\Windows\SYSTEM32\CRYPTSP.dll
0x00007ff98f020000 - 0x00007ff98f056000 	C:\Windows\system32\rsaenh.dll
0x00007ff98f6c0000 - 0x00007ff98f6e6000 	C:\Windows\SYSTEM32\bcrypt.dll
0x00007ff98fa00000 - 0x00007ff98fa63000 	C:\Windows\system32\bcryptprimitives.dll
0x00007ff98fa70000 - 0x00007ff98fa7b000 	C:\Windows\SYSTEM32\CRYPTBASE.dll
0x00007ff97f330000 - 0x00007ff97f345000 	C:\Windows\system32\napinsp.dll
0x00007ff97f310000 - 0x00007ff97f32a000 	C:\Windows\system32\pnrpnsp.dll
0x00007ff98af10000 - 0x00007ff98af2b000 	C:\Windows\system32\NLAapi.dll
0x00007ff98f1a0000 - 0x00007ff98f244000 	C:\Windows\SYSTEM32\DNSAPI.dll
0x00007ff97f6f0000 - 0x00007ff97f6fd000 	C:\Windows\System32\winrnr.dll
0x00007ff97f2f0000 - 0x00007ff97f304000 	C:\Windows\system32\wshbth.dll
0x00007ff9882e0000 - 0x00007ff9882ea000 	C:\Windows\System32\rasadhlp.dll
0x00007ff989950000 - 0x00007ff9899bb000 	C:\Windows\System32\fwpuclnt.dll
0x0000000073840000 - 0x0000000073851000 	C:\Program Files\Java\jdk1.8.0\jre\bin\nio.dll
0x0000000073830000 - 0x000000007383d000 	C:\Program Files\Java\jdk1.8.0\jre\bin\management.dll
0x00007ff986fa0000 - 0x00007ff987129000 	C:\Windows\SYSTEM32\dbghelp.dll

VM Arguments:
jvm_args: -Didea.launcher.port=7532 -Didea.launcher.bin.path=C:\Program Files (x86)\JetBrains\IntelliJ IDEA 14.1.3\bin -Dfile.encoding=windows-1250 
java_command: com.intellij.rt.execution.application.AppMain ieee1516e.restauracja.RestauracjaFederate
java_class_path (initial): E:\Pulpit\projekt\bin;C:\Program Files\Java\jdk1.8.0\jre\lib\charsets.jar;C:\Program Files\Java\jdk1.8.0\jre\lib\deploy.jar;C:\Program Files\Java\jdk1.8.0\jre\lib\javaws.jar;C:\Program Files\Java\jdk1.8.0\jre\lib\jce.jar;C:\Program Files\Java\jdk1.8.0\jre\lib\jfr.jar;C:\Program Files\Java\jdk1.8.0\jre\lib\jfxswt.jar;C:\Program Files\Java\jdk1.8.0\jre\lib\jsse.jar;C:\Program Files\Java\jdk1.8.0\jre\lib\management-agent.jar;C:\Program Files\Java\jdk1.8.0\jre\lib\plugin.jar;C:\Program Files\Java\jdk1.8.0\jre\lib\resources.jar;C:\Program Files\Java\jdk1.8.0\jre\lib\rt.jar;C:\Program Files\Java\jdk1.8.0\jre\lib\ext\access-bridge-64.jar;C:\Program Files\Java\jdk1.8.0\jre\lib\ext\cldrdata.jar;C:\Program Files\Java\jdk1.8.0\jre\lib\ext\dnsns.jar;C:\Program Files\Java\jdk1.8.0\jre\lib\ext\jaccess.jar;C:\Program Files\Java\jdk1.8.0\jre\lib\ext\jfxrt.jar;C:\Program Files\Java\jdk1.8.0\jre\lib\ext\localedata.jar;C:\Program Files\Java\jdk1.8.0\jre\lib\ext\nashorn.jar;C:\Program Files\Java\jdk1.8.0\jre\lib\ext\sunec.jar;C:\Program Files\Java\jdk1.8.0\jre\lib\ext\sunjce_provider.jar;C:\Program Files\Java\jdk1.8.0\jre\lib\ext\sunmscapi.jar;C:\Program Files\Java\jdk1.8.0\jre\lib\ext\sunpkcs11.jar;C:\Program Files\Java\jdk1.8.0\jre\lib\ext\zipfs.jar;C:\Program Files\Portico\portico-2.0.1\lib\portico.jar;C:\Program Files (x86)\JetBrains\IntelliJ IDEA 14.1.3\lib\idea_rt.jar
Launcher Type: SUN_STANDARD

Environment Variables:
JAVA_HOME=C:\Program Files\Java\jdk1.8.0\
PATH=C:\ProgramData\Oracle\Java\javapath;C:\Program Files (x86)\NVIDIA Corporation\PhysX\Common;C:\Windows\system32;c:\dev\apache-maven-3.2.2\\bin\;C:\Program Files (x86)\Graphviz2.38\bin;C:\Program Files (x86)\Skype\Phone\;C:\Program Files (x86)\Windows Kits\8.1\Windows Performance Toolkit\;C:\Program Files (x86)\Microsoft SDKs\TypeScript\1.0\;C:\Program Files\Microsoft SQL Server\120\Tools\Binn\;C:\Program Files\Microsoft SQL Server\Client SDK\ODBC\110\Tools\Binn\;C:\Program Files (x86)\Microsoft SQL Server\120\Tools\Binn\;C:\Program Files\Microsoft SQL Server\120\DTS\Binn\;C:\Program Files (x86)\CloudFoundry;C:\Program Files (x86)\Git\cmd;C:\Program Files\nodejs\;C:\Users\Daniel\AppData\Roaming\npm
USERNAME=Daniel
OS=Windows_NT
PROCESSOR_IDENTIFIER=Intel64 Family 6 Model 42 Stepping 7, GenuineIntel



---------------  S Y S T E M  ---------------

OS: Windows 8.1 , 64 bit Build 9600 

CPU:total 4 (2 cores per cpu, 2 threads per core) family 6 model 42 stepping 7, cmov, cx8, fxsr, mmx, sse, sse2, sse3, ssse3, sse4.1, sse4.2, popcnt, avx, aes, clmul, ht, tsc, tscinvbit

Memory: 4k page, physical 8298256k(3238560k free), swap 8298256k(15152k free)

vm_info: Java HotSpot(TM) 64-Bit Server VM (25.0-b70) for windows-amd64 JRE (1.8.0-b132), built on Mar  4 2014 03:46:18 by "java_re" with MS VC++ 10.0 (VS2010)

time: Tue Jun 23 22:48:06 2015
elapsed time: 139 seconds

