#
# There is insufficient memory for the Java Runtime Environment to continue.
# Native memory allocation (malloc) failed to allocate 1224816 bytes for Chunk::new
# Possible reasons:
#   The system is out of physical RAM or swap space
#   In 32 bit mode, the process size limit was hit
# Possible solutions:
#   Reduce memory load on the system
#   Increase physical memory or swap space
#   Check if swap backing store is full
#   Use 64 bit Java on a 64 bit OS
#   Decrease Java heap size (-Xmx/-Xms)
#   Decrease number of Java threads
#   Decrease Java thread stack sizes (-Xss)
#   Set larger code cache with -XX:ReservedCodeCacheSize=
# This output file may be truncated or incomplete.
#
#  Out of Memory Error (allocation.cpp:388), pid=8004, tid=8912
#
# JRE version: Java(TM) SE Runtime Environment (8.0-b132) (build 1.8.0-b132)
# Java VM: Java HotSpot(TM) 64-Bit Server VM (25.0-b70 mixed mode windows-amd64 compressed oops)
# Failed to write core dump. Minidumps are not enabled by default on client versions of Windows
#

---------------  T H R E A D  ---------------

Current thread (0x0000000008883000):  JavaThread "C2 CompilerThread1" daemon [_thread_in_native, id=8912, stack(0x0000000009ed0000,0x0000000009fd0000)]

Stack: [0x0000000009ed0000,0x0000000009fd0000]
Native frames: (J=compiled Java code, j=interpreted, Vv=VM code, C=native code)
V  [jvm.dll+0x308e0a]
V  [jvm.dll+0x25df11]
V  [jvm.dll+0x25eb2f]
V  [jvm.dll+0x256505]
V  [jvm.dll+0xbcff5]
V  [jvm.dll+0xbd48c]
V  [jvm.dll+0x468bcc]
V  [jvm.dll+0x436264]
V  [jvm.dll+0x44113e]
V  [jvm.dll+0x4436c9]
V  [jvm.dll+0x427552]
V  [jvm.dll+0x96732]
V  [jvm.dll+0x96f23]
V  [jvm.dll+0x2232e4]
V  [jvm.dll+0x27baea]
C  [msvcr100.dll+0x21d9f]
C  [msvcr100.dll+0x21e3b]
C  [KERNEL32.DLL+0x13d2]
C  [ntdll.dll+0x15444]


Current CompileTask:
C2: 127534 2095   !   4       java.io.ObjectInputStream::readObject0 (554 bytes)


---------------  P R O C E S S  ---------------

Java Threads: ( => current thread )
  0x000000000a201000 JavaThread "Incoming,ExampleFederation,DanielAsus-39803" daemon [_thread_blocked, id=6404, stack(0x000000001efe0000,0x000000001f0e0000)]
  0x000000000a1fc800 JavaThread "Incoming,ExampleFederation,DanielAsus-39803" daemon [_thread_blocked, id=7248, stack(0x000000000ee40000,0x000000000ef40000)]
  0x000000000bf6f000 JavaThread "multicast receiver,ExampleFederation,DanielAsus-39803" daemon [_thread_in_native, id=2656, stack(0x000000000ed40000,0x000000000ee40000)]
  0x000000000bf6e800 JavaThread "unicast receiver,ExampleFederation,DanielAsus-39803" daemon [_thread_in_native, id=1264, stack(0x000000000ec40000,0x000000000ed40000)]
  0x000000000a30c000 JavaThread "TransferQueueBundler,ExampleFederation,DanielAsus-39803" daemon [_thread_blocked, id=5416, stack(0x000000000eb40000,0x000000000ec40000)]
  0x000000000a309800 JavaThread "DiagnosticsHandler,ExampleFederation,DanielAsus-39803" daemon [_thread_in_native, id=8256, stack(0x000000000d4e0000,0x000000000d5e0000)]
  0x000000000bf17800 JavaThread "Incoming" daemon [_thread_blocked, id=3348, stack(0x000000000c3c0000,0x000000000c4c0000)]
  0x000000000cc50800 JavaThread "Timer runner-1,<CL-NAME>,<ADDR>" daemon [_thread_blocked, id=4004, stack(0x000000000bfa0000,0x000000000c0a0000)]
  0x000000000a1c4000 JavaThread "Monitor Ctrl-Break" daemon [_thread_in_native, id=6344, stack(0x000000000a6d0000,0x000000000a7d0000)]
  0x00000000088dd800 JavaThread "Service Thread" daemon [_thread_blocked, id=1272, stack(0x000000000a4d0000,0x000000000a5d0000)]
  0x000000000888e000 JavaThread "C1 CompilerThread2" daemon [_thread_blocked, id=7964, stack(0x0000000009fd0000,0x000000000a0d0000)]
=>0x0000000008883000 JavaThread "C2 CompilerThread1" daemon [_thread_in_native, id=8912, stack(0x0000000009ed0000,0x0000000009fd0000)]
  0x000000000887d800 JavaThread "C2 CompilerThread0" daemon [_thread_blocked, id=3604, stack(0x0000000009dd0000,0x0000000009ed0000)]
  0x000000000887c000 JavaThread "Attach Listener" daemon [_thread_blocked, id=10052, stack(0x0000000009cd0000,0x0000000009dd0000)]
  0x000000000887b800 JavaThread "Signal Dispatcher" daemon [_thread_blocked, id=4300, stack(0x0000000009bd0000,0x0000000009cd0000)]
  0x0000000002d15000 JavaThread "Finalizer" daemon [_thread_blocked, id=5304, stack(0x0000000009ad0000,0x0000000009bd0000)]
  0x0000000002d0c000 JavaThread "Reference Handler" daemon [_thread_blocked, id=9840, stack(0x00000000099d0000,0x0000000009ad0000)]
  0x0000000002b1e000 JavaThread "main" [_thread_blocked, id=8636, stack(0x0000000002b20000,0x0000000002c20000)]

Other Threads:
  0x0000000008845000 VMThread [stack: 0x00000000098d0000,0x00000000099d0000] [id=6380]
  0x000000000a10d000 WatcherThread [stack: 0x000000000a5d0000,0x000000000a6d0000] [id=9468]

VM state:not at safepoint (normal execution)

VM Mutex/Monitor currently owned by a thread: None

Heap:
 PSYoungGen      total 70144K, used 41075K [0x00000000d5d00000, 0x00000000dac00000, 0x0000000100000000)
  eden space 64000K, 54% used [0x00000000d5d00000,0x00000000d7f1ecd8,0x00000000d9b80000)
  from space 6144K, 99% used [0x00000000da300000,0x00000000da8fe088,0x00000000da900000)
  to   space 7680K, 0% used [0x00000000d9b80000,0x00000000d9b80000,0x00000000da300000)
 ParOldGen       total 129536K, used 6913K [0x0000000081600000, 0x0000000089480000, 0x00000000d5d00000)
  object space 129536K, 5% used [0x0000000081600000,0x0000000081cc0528,0x0000000089480000)
 Metaspace       used 13109K, capacity 13352K, committed 13568K, reserved 1060864K
  class space    used 1493K, capacity 1533K, committed 1536K, reserved 1048576K

Card table byte_map: [0x00000000030e0000,0x00000000034e0000] byte_map_base: 0x0000000002cd5000

Marking Bits: (ParMarkBitMap*) 0x00000000740913b0
 Begin Bits: [0x0000000003b90000, 0x0000000005b38000)
 End Bits:   [0x0000000005b38000, 0x0000000007ae0000)

Polling page: 0x0000000001240000

CodeCache: size=245760Kb used=8293Kb max_used=8304Kb free=237466Kb
 bounds [0x000000000f010000, 0x000000000f840000, 0x000000001e010000]
 total_blobs=2454 nmethods=2109 adapters=258
 compilation: enabled

Compilation events (10 events):
Event: 126.968 Thread 0x000000000888e000 2108   !   3       org.jgroups.protocols.FD_ALL::down (134 bytes)
Event: 126.970 Thread 0x000000000888e000 nmethod 2108 0x000000000f82c150 code [0x000000000f82c360, 0x000000000f82d068]
Event: 127.029 Thread 0x000000000888e000 2109       3       org.jgroups.protocols.pbcast.STABLE::down (142 bytes)
Event: 127.029 Thread 0x000000000888e000 nmethod 2109 0x000000000f82e790 code [0x000000000f82e980, 0x000000000f82f3e8]
Event: 127.154 Thread 0x000000000888e000 2110       1       java.io.ExpiringCache$Entry::val (5 bytes)
Event: 127.155 Thread 0x000000000888e000 nmethod 2110 0x000000000f811610 code [0x000000000f811760, 0x000000000f811870]
Event: 127.155 Thread 0x000000000888e000 2111   !   3       org.portico.impl.hla1516e.Impl1516eHelper::checkJoined (24 bytes)
Event: 127.156 Thread 0x000000000888e000 nmethod 2111 0x000000000f82f6d0 code [0x000000000f82f880, 0x000000000f82fce8]
Event: 127.156 Thread 0x000000000888e000 2112       3       org.portico.impl.hla1516e.Impl1516eHelper::getFOM (8 bytes)
Event: 127.156 Thread 0x000000000888e000 nmethod 2112 0x000000000f82bdd0 code [0x000000000f82bf20, 0x000000000f82c0b0]

GC Heap History (10 events):
Event: 3.011 GC heap before
{Heap before GC invocations=14 (full 0):
 PSYoungGen      total 20480K, used 20461K [0x00000000d5d00000, 0x00000000d7f00000, 0x0000000100000000)
  eden space 18432K, 100% used [0x00000000d5d00000,0x00000000d6f00000,0x00000000d6f00000)
  from space 2048K, 99% used [0x00000000d6f00000,0x00000000d70fb5d8,0x00000000d7100000)
  to   space 2560K, 0% used [0x00000000d7c80000,0x00000000d7c80000,0x00000000d7f00000)
 ParOldGen       total 129536K, used 2362K [0x0000000081600000, 0x0000000089480000, 0x00000000d5d00000)
  object space 129536K, 1% used [0x0000000081600000,0x000000008184e980,0x0000000089480000)
 Metaspace       used 4607K, capacity 5500K, committed 5760K, reserved 1056768K
  class space    used 538K, capacity 560K, committed 640K, reserved 1048576K
Event: 3.036 GC heap after
Heap after GC invocations=14 (full 0):
 PSYoungGen      total 31744K, used 2537K [0x00000000d5d00000, 0x00000000d8000000, 0x0000000100000000)
  eden space 29184K, 0% used [0x00000000d5d00000,0x00000000d5d00000,0x00000000d7980000)
  from space 2560K, 99% used [0x00000000d7c80000,0x00000000d7efa790,0x00000000d7f00000)
  to   space 3072K, 0% used [0x00000000d7980000,0x00000000d7980000,0x00000000d7c80000)
 ParOldGen       total 129536K, used 2490K [0x0000000081600000, 0x0000000089480000, 0x00000000d5d00000)
  object space 129536K, 1% used [0x0000000081600000,0x000000008186e980,0x0000000089480000)
 Metaspace       used 4607K, capacity 5500K, committed 5760K, reserved 1056768K
  class space    used 538K, capacity 560K, committed 640K, reserved 1048576K
}
Event: 3.340 GC heap before
{Heap before GC invocations=15 (full 0):
 PSYoungGen      total 31744K, used 31721K [0x00000000d5d00000, 0x00000000d8000000, 0x0000000100000000)
  eden space 29184K, 100% used [0x00000000d5d00000,0x00000000d7980000,0x00000000d7980000)
  from space 2560K, 99% used [0x00000000d7c80000,0x00000000d7efa790,0x00000000d7f00000)
  to   space 3072K, 0% used [0x00000000d7980000,0x00000000d7980000,0x00000000d7c80000)
 ParOldGen       total 129536K, used 2490K [0x0000000081600000, 0x0000000089480000, 0x00000000d5d00000)
  object space 129536K, 1% used [0x0000000081600000,0x000000008186e980,0x0000000089480000)
 Metaspace       used 4607K, capacity 5500K, committed 5760K, reserved 1056768K
  class space    used 538K, capacity 560K, committed 640K, reserved 1048576K
Event: 3.344 GC heap after
Heap after GC invocations=15 (full 0):
 PSYoungGen      total 32256K, used 3065K [0x00000000d5d00000, 0x00000000d9300000, 0x0000000100000000)
  eden space 29184K, 0% used [0x00000000d5d00000,0x00000000d5d00000,0x00000000d7980000)
  from space 3072K, 99% used [0x00000000d7980000,0x00000000d7c7e620,0x00000000d7c80000)
  to   space 4096K, 0% used [0x00000000d8f00000,0x00000000d8f00000,0x00000000d9300000)
 ParOldGen       total 129536K, used 3538K [0x0000000081600000, 0x0000000089480000, 0x00000000d5d00000)
  object space 129536K, 2% used [0x0000000081600000,0x0000000081974ab8,0x0000000089480000)
 Metaspace       used 4607K, capacity 5500K, committed 5760K, reserved 1056768K
  class space    used 538K, capacity 560K, committed 640K, reserved 1048576K
}
Event: 3.670 GC heap before
{Heap before GC invocations=16 (full 0):
 PSYoungGen      total 32256K, used 32249K [0x00000000d5d00000, 0x00000000d9300000, 0x0000000100000000)
  eden space 29184K, 100% used [0x00000000d5d00000,0x00000000d7980000,0x00000000d7980000)
  from space 3072K, 99% used [0x00000000d7980000,0x00000000d7c7e620,0x00000000d7c80000)
  to   space 4096K, 0% used [0x00000000d8f00000,0x00000000d8f00000,0x00000000d9300000)
 ParOldGen       total 129536K, used 3538K [0x0000000081600000, 0x0000000089480000, 0x00000000d5d00000)
  object space 129536K, 2% used [0x0000000081600000,0x0000000081974ab8,0x0000000089480000)
 Metaspace       used 4608K, capacity 5500K, committed 5760K, reserved 1056768K
  class space    used 538K, capacity 560K, committed 640K, reserved 1048576K
Event: 3.675 GC heap after
Heap after GC invocations=16 (full 0):
 PSYoungGen      total 50688K, used 4087K [0x00000000d5d00000, 0x00000000d9400000, 0x0000000100000000)
  eden space 46592K, 0% used [0x00000000d5d00000,0x00000000d5d00000,0x00000000d8a80000)
  from space 4096K, 99% used [0x00000000d8f00000,0x00000000d92fdfb0,0x00000000d9300000)
  to   space 4608K, 0% used [0x00000000d8a80000,0x00000000d8a80000,0x00000000d8f00000)
 ParOldGen       total 129536K, used 3719K [0x0000000081600000, 0x0000000089480000, 0x00000000d5d00000)
  object space 129536K, 2% used [0x0000000081600000,0x00000000819a1f58,0x0000000089480000)
 Metaspace       used 4608K, capacity 5500K, committed 5760K, reserved 1056768K
  class space    used 538K, capacity 560K, committed 640K, reserved 1048576K
}
Event: 5.160 GC heap before
{Heap before GC invocations=17 (full 0):
 PSYoungGen      total 50688K, used 50679K [0x00000000d5d00000, 0x00000000d9400000, 0x0000000100000000)
  eden space 46592K, 100% used [0x00000000d5d00000,0x00000000d8a80000,0x00000000d8a80000)
  from space 4096K, 99% used [0x00000000d8f00000,0x00000000d92fdfb0,0x00000000d9300000)
  to   space 4608K, 0% used [0x00000000d8a80000,0x00000000d8a80000,0x00000000d8f00000)
 ParOldGen       total 129536K, used 3719K [0x0000000081600000, 0x0000000089480000, 0x00000000d5d00000)
  object space 129536K, 2% used [0x0000000081600000,0x00000000819a1f58,0x0000000089480000)
 Metaspace       used 5974K, capacity 6466K, committed 6784K, reserved 1056768K
  class space    used 779K, capacity 817K, committed 896K, reserved 1048576K
Event: 5.184 GC heap after
Heap after GC invocations=17 (full 0):
 PSYoungGen      total 51200K, used 4588K [0x00000000d5d00000, 0x00000000da900000, 0x0000000100000000)
  eden space 46592K, 0% used [0x00000000d5d00000,0x00000000d5d00000,0x00000000d8a80000)
  from space 4608K, 99% used [0x00000000d8a80000,0x00000000d8efb120,0x00000000d8f00000)
  to   space 6144K, 0% used [0x00000000da300000,0x00000000da300000,0x00000000da900000)
 ParOldGen       total 129536K, used 5788K [0x0000000081600000, 0x0000000089480000, 0x00000000d5d00000)
  object space 129536K, 4% used [0x0000000081600000,0x0000000081ba7380,0x0000000089480000)
 Metaspace       used 5974K, capacity 6466K, committed 6784K, reserved 1056768K
  class space    used 779K, capacity 817K, committed 896K, reserved 1048576K
}
Event: 7.935 GC heap before
{Heap before GC invocations=18 (full 0):
 PSYoungGen      total 51200K, used 51180K [0x00000000d5d00000, 0x00000000da900000, 0x0000000100000000)
  eden space 46592K, 100% used [0x00000000d5d00000,0x00000000d8a80000,0x00000000d8a80000)
  from space 4608K, 99% used [0x00000000d8a80000,0x00000000d8efb120,0x00000000d8f00000)
  to   space 6144K, 0% used [0x00000000da300000,0x00000000da300000,0x00000000da900000)
 ParOldGen       total 129536K, used 5788K [0x0000000081600000, 0x0000000089480000, 0x00000000d5d00000)
  object space 129536K, 4% used [0x0000000081600000,0x0000000081ba7380,0x0000000089480000)
 Metaspace       used 9201K, capacity 9324K, committed 9472K, reserved 1056768K
  class space    used 1125K, capacity 1171K, committed 1280K, reserved 1048576K
Event: 8.007 GC heap after
Heap after GC invocations=18 (full 0):
 PSYoungGen      total 70144K, used 6136K [0x00000000d5d00000, 0x00000000dac00000, 0x0000000100000000)
  eden space 64000K, 0% used [0x00000000d5d00000,0x00000000d5d00000,0x00000000d9b80000)
  from space 6144K, 99% used [0x00000000da300000,0x00000000da8fe088,0x00000000da900000)
  to   space 7680K, 0% used [0x00000000d9b80000,0x00000000d9b80000,0x00000000da300000)
 ParOldGen       total 129536K, used 6913K [0x0000000081600000, 0x0000000089480000, 0x00000000d5d00000)
  object space 129536K, 5% used [0x0000000081600000,0x0000000081cc0528,0x0000000089480000)
 Metaspace       used 9201K, capacity 9324K, committed 9472K, reserved 1056768K
  class space    used 1125K, capacity 1171K, committed 1280K, reserved 1048576K
}

Deoptimization events (10 events):
Event: 15.553 Thread 0x0000000002b1e000 Uncommon trap: reason=class_check action=maybe_recompile pc=0x000000000f51b940 method=java.util.LinkedHashMap.afterNodeInsertion(Z)V @ 15
Event: 19.247 Thread 0x0000000002b1e000 Uncommon trap: reason=class_check action=maybe_recompile pc=0x000000000f51b940 method=java.util.LinkedHashMap.afterNodeInsertion(Z)V @ 15
Event: 19.356 Thread 0x0000000002b1e000 Uncommon trap: reason=bimorphic action=maybe_recompile pc=0x000000000f3de1b8 method=java.util.Hashtable.get(Ljava/lang/Object;)Ljava/lang/Object; @ 6
Event: 19.356 Thread 0x0000000002b1e000 Uncommon trap: reason=bimorphic action=maybe_recompile pc=0x000000000f3de1b8 method=java.util.Hashtable.get(Ljava/lang/Object;)Ljava/lang/Object; @ 6
Event: 19.356 Thread 0x0000000002b1e000 Uncommon trap: reason=bimorphic action=maybe_recompile pc=0x000000000f3de1b8 method=java.util.Hashtable.get(Ljava/lang/Object;)Ljava/lang/Object; @ 6
Event: 19.356 Thread 0x0000000002b1e000 Uncommon trap: reason=bimorphic action=maybe_recompile pc=0x000000000f3de1b8 method=java.util.Hashtable.get(Ljava/lang/Object;)Ljava/lang/Object; @ 6
Event: 121.684 Thread 0x0000000002b1e000 Uncommon trap: reason=unreached action=reinterpret pc=0x000000000f4dffc4 method=java.util.HashMap.hash(Ljava/lang/Object;)I @ 1
Event: 121.685 Thread 0x0000000002b1e000 Uncommon trap: reason=unreached action=reinterpret pc=0x000000000f34c3a8 method=java.util.HashMap.hash(Ljava/lang/Object;)I @ 1
Event: 122.488 Thread 0x0000000002b1e000 Uncommon trap: reason=class_check action=maybe_recompile pc=0x000000000f51b940 method=java.util.LinkedHashMap.afterNodeInsertion(Z)V @ 15
Event: 122.488 Thread 0x0000000002b1e000 Uncommon trap: reason=class_check action=maybe_recompile pc=0x000000000f51b940 method=java.util.LinkedHashMap.afterNodeInsertion(Z)V @ 15

Internal exceptions (10 events):
Event: 122.489 Thread 0x0000000002b1e000 Exception <a 'java/security/PrivilegedActionException'> (0x00000000d733b0f0) thrown at [D:\re\workspace\8-2-build-windows-amd64-cygwin\jdk8\2238\hotspot\src\share\vm\prims\jvm.cpp, line 1248]
Event: 122.490 Thread 0x0000000002b1e000 Exception <a 'java/security/PrivilegedActionException'> (0x00000000d733fe68) thrown at [D:\re\workspace\8-2-build-windows-amd64-cygwin\jdk8\2238\hotspot\src\share\vm\prims\jvm.cpp, line 1248]
Event: 122.490 Thread 0x0000000002b1e000 Exception <a 'java/security/PrivilegedActionException'> (0x00000000d7343450) thrown at [D:\re\workspace\8-2-build-windows-amd64-cygwin\jdk8\2238\hotspot\src\share\vm\prims\jvm.cpp, line 1248]
Event: 122.491 Thread 0x0000000002b1e000 Exception <a 'java/security/PrivilegedActionException'> (0x00000000d734aea0) thrown at [D:\re\workspace\8-2-build-windows-amd64-cygwin\jdk8\2238\hotspot\src\share\vm\prims\jvm.cpp, line 1248]
Event: 122.491 Thread 0x0000000002b1e000 Exception <a 'java/security/PrivilegedActionException'> (0x00000000d734ed98) thrown at [D:\re\workspace\8-2-build-windows-amd64-cygwin\jdk8\2238\hotspot\src\share\vm\prims\jvm.cpp, line 1248]
Event: 122.493 Thread 0x0000000002b1e000 Exception <a 'java/security/PrivilegedActionException'> (0x00000000d735d678) thrown at [D:\re\workspace\8-2-build-windows-amd64-cygwin\jdk8\2238\hotspot\src\share\vm\prims\jvm.cpp, line 1248]
Event: 122.496 Thread 0x0000000002b1e000 Exception <a 'java/security/PrivilegedActionException'> (0x00000000d7362f90) thrown at [D:\re\workspace\8-2-build-windows-amd64-cygwin\jdk8\2238\hotspot\src\share\vm\prims\jvm.cpp, line 1248]
Event: 122.513 Thread 0x0000000002b1e000 Exception <a 'java/security/PrivilegedActionException'> (0x00000000d7365e00) thrown at [D:\re\workspace\8-2-build-windows-amd64-cygwin\jdk8\2238\hotspot\src\share\vm\prims\jvm.cpp, line 1248]
Event: 122.519 Thread 0x0000000002b1e000 Exception <a 'java/security/PrivilegedActionException'> (0x00000000d736ba78) thrown at [D:\re\workspace\8-2-build-windows-amd64-cygwin\jdk8\2238\hotspot\src\share\vm\prims\jvm.cpp, line 1248]
Event: 122.716 Thread 0x0000000002b1e000 Exception <a 'java/security/PrivilegedActionException'> (0x00000000d738e3c0) thrown at [D:\re\workspace\8-2-build-windows-amd64-cygwin\jdk8\2238\hotspot\src\share\vm\prims\jvm.cpp, line 1248]

Events (10 events):
Event: 122.515 Executing VM operation: Deoptimize done
Event: 122.516 loading class sun/nio/cs/UTF_16$Encoder done
Event: 122.516 loading class sun/nio/cs/Surrogate$Parser
Event: 122.516 loading class sun/nio/cs/Surrogate$Parser done
Event: 122.517 loading class sun/nio/cs/Surrogate
Event: 122.517 loading class sun/nio/cs/Surrogate done
Event: 122.519 loading class hla/rti1516e/MessageRetractionReturn
Event: 122.519 loading class hla/rti1516e/MessageRetractionReturn done
Event: 122.716 loading class ieee1516e/kelner/PrzygotowanieZamowieniaEvent
Event: 122.716 loading class ieee1516e/kelner/PrzygotowanieZamowieniaEvent done


Dynamic libraries:
0x00007ff7a79f0000 - 0x00007ff7a7a24000 	C:\Program Files\Java\jdk1.8.0\bin\java.exe
0x00007ff992a30000 - 0x00007ff992bdc000 	C:\Windows\SYSTEM32\ntdll.dll
0x00007ff990290000 - 0x00007ff9903ce000 	C:\Windows\system32\KERNEL32.DLL
0x00007ff98ff40000 - 0x00007ff990055000 	C:\Windows\system32\KERNELBASE.dll
0x00007ff98e6d0000 - 0x00007ff98e75e000 	C:\Windows\system32\apphelp.dll
0x00007ff9779b0000 - 0x00007ff977a03000 	C:\Windows\AppPatch\AppPatch64\AcGenral.DLL
0x00007ff990a90000 - 0x00007ff990b3a000 	C:\Windows\system32\msvcrt.dll
0x00007ff98f9d0000 - 0x00007ff98f9fe000 	C:\Windows\SYSTEM32\SspiCli.dll
0x00007ff990b60000 - 0x00007ff990bb4000 	C:\Windows\system32\SHLWAPI.dll
0x00007ff992140000 - 0x00007ff9922b7000 	C:\Windows\system32\USER32.dll
0x00007ff992870000 - 0x00007ff992a04000 	C:\Windows\system32\ole32.dll
0x00007ff990bc0000 - 0x00007ff9920d8000 	C:\Windows\system32\SHELL32.dll
0x00007ff98f130000 - 0x00007ff98f151000 	C:\Windows\SYSTEM32\USERENV.dll
0x00007ff992760000 - 0x00007ff99280a000 	C:\Windows\system32\ADVAPI32.dll
0x00007ff9869c0000 - 0x00007ff9869de000 	C:\Windows\SYSTEM32\MPR.dll
0x00007ff9903d0000 - 0x00007ff990511000 	C:\Windows\system32\RPCRT4.dll
0x00007ff9922c0000 - 0x00007ff992319000 	C:\Windows\SYSTEM32\sechost.dll
0x00007ff992320000 - 0x00007ff992531000 	C:\Windows\SYSTEM32\combase.dll
0x00007ff990820000 - 0x00007ff990971000 	C:\Windows\system32\GDI32.dll
0x00007ff98fb80000 - 0x00007ff98fb95000 	C:\Windows\SYSTEM32\profapi.dll
0x00007ff98e080000 - 0x00007ff98e132000 	C:\Windows\SYSTEM32\SHCORE.dll
0x00007ff990a50000 - 0x00007ff990a86000 	C:\Windows\system32\IMM32.DLL
0x00007ff992600000 - 0x00007ff992752000 	C:\Windows\system32\MSCTF.dll
0x00007ff98fb30000 - 0x00007ff98fb62000 	C:\Windows\system32\nvinitx.dll
0x00007ff98fb20000 - 0x00007ff98fb2a000 	C:\Windows\SYSTEM32\VERSION.dll
0x000000000f000000 - 0x000000000f006000 	C:\Program Files\NVIDIA Corporation\CoProcManager\_etoured.dll
0x00007ff98db10000 - 0x00007ff98db42000 	C:\Program Files\NVIDIA Corporation\CoProcManager\nvd3d9wrapx.dll
0x00007ff9900b0000 - 0x00007ff99028a000 	C:\Windows\system32\SETUPAPI.dll
0x00007ff990060000 - 0x00007ff9900af000 	C:\Windows\system32\CFGMGR32.dll
0x00007ff98dae0000 - 0x00007ff98db02000 	C:\Program Files\NVIDIA Corporation\CoProcManager\nvdxgiwrapx.dll
0x00007ff98dc00000 - 0x00007ff98de7a000 	C:\Windows\WinSxS\amd64_microsoft.windows.common-controls_6595b64144ccf1df_6.0.9600.17810_none_6240b9c7ecbd0bda\COMCTL32.dll
0x0000000074110000 - 0x00000000741e2000 	C:\Program Files\Java\jdk1.8.0\jre\bin\msvcr100.dll
0x00000000738e0000 - 0x000000007410a000 	C:\Program Files\Java\jdk1.8.0\jre\bin\server\jvm.dll
0x00007ff986a50000 - 0x00007ff986a59000 	C:\Windows\SYSTEM32\WSOCK32.dll
0x00007ff98cd40000 - 0x00007ff98cd62000 	C:\Windows\SYSTEM32\WINMM.dll
0x00007ff990810000 - 0x00007ff990817000 	C:\Windows\system32\PSAPI.DLL
0x00007ff992810000 - 0x00007ff99286a000 	C:\Windows\system32\WS2_32.dll
0x00007ff98cd00000 - 0x00007ff98cd2a000 	C:\Windows\SYSTEM32\WINMMBASE.dll
0x00007ff990a40000 - 0x00007ff990a49000 	C:\Windows\system32\NSI.dll
0x00007ff98e950000 - 0x00007ff98e978000 	C:\Windows\SYSTEM32\DEVOBJ.dll
0x00000000738d0000 - 0x00000000738df000 	C:\Program Files\Java\jdk1.8.0\jre\bin\verify.dll
0x00000000738a0000 - 0x00000000738c8000 	C:\Program Files\Java\jdk1.8.0\jre\bin\java.dll
0x0000000073880000 - 0x0000000073896000 	C:\Program Files\Java\jdk1.8.0\jre\bin\zip.dll
0x00007ff98d120000 - 0x00007ff98d130000 	C:\Program Files (x86)\JetBrains\IntelliJ IDEA 14.1.3\bin\breakgen64.dll
0x0000000073860000 - 0x000000007387a000 	C:\Program Files\Java\jdk1.8.0\jre\bin\net.dll
0x00007ff98f410000 - 0x00007ff98f469000 	C:\Windows\system32\mswsock.dll
0x00007ff98a020000 - 0x00007ff98a04a000 	C:\Windows\SYSTEM32\IPHLPAPI.DLL
0x00007ff989ce0000 - 0x00007ff989cea000 	C:\Windows\SYSTEM32\WINNSI.DLL
0x00007ff989930000 - 0x00007ff989946000 	C:\Windows\SYSTEM32\dhcpcsvc6.DLL
0x00007ff989910000 - 0x00007ff98992a000 	C:\Windows\SYSTEM32\dhcpcsvc.DLL
0x00007ff98f470000 - 0x00007ff98f490000 	C:\Windows\SYSTEM32\CRYPTSP.dll
0x00007ff98f020000 - 0x00007ff98f056000 	C:\Windows\system32\rsaenh.dll
0x00007ff98f6c0000 - 0x00007ff98f6e6000 	C:\Windows\SYSTEM32\bcrypt.dll
0x00007ff98fa00000 - 0x00007ff98fa63000 	C:\Windows\system32\bcryptprimitives.dll
0x00007ff98fa70000 - 0x00007ff98fa7b000 	C:\Windows\SYSTEM32\CRYPTBASE.dll
0x00007ff97f330000 - 0x00007ff97f345000 	C:\Windows\system32\napinsp.dll
0x00007ff97f310000 - 0x00007ff97f32a000 	C:\Windows\system32\pnrpnsp.dll
0x00007ff98af10000 - 0x00007ff98af2b000 	C:\Windows\system32\NLAapi.dll
0x00007ff98f1a0000 - 0x00007ff98f244000 	C:\Windows\SYSTEM32\DNSAPI.dll
0x00007ff97f6f0000 - 0x00007ff97f6fd000 	C:\Windows\System32\winrnr.dll
0x00007ff97f2f0000 - 0x00007ff97f304000 	C:\Windows\system32\wshbth.dll
0x00007ff9882e0000 - 0x00007ff9882ea000 	C:\Windows\System32\rasadhlp.dll
0x00007ff989950000 - 0x00007ff9899bb000 	C:\Windows\System32\fwpuclnt.dll
0x0000000073840000 - 0x0000000073851000 	C:\Program Files\Java\jdk1.8.0\jre\bin\nio.dll
0x0000000073830000 - 0x000000007383d000 	C:\Program Files\Java\jdk1.8.0\jre\bin\management.dll
0x00007ff986fa0000 - 0x00007ff987129000 	C:\Windows\SYSTEM32\dbghelp.dll

VM Arguments:
jvm_args: -Didea.launcher.port=7534 -Didea.launcher.bin.path=C:\Program Files (x86)\JetBrains\IntelliJ IDEA 14.1.3\bin -Dfile.encoding=windows-1250 
java_command: com.intellij.rt.execution.application.AppMain ieee1516e.kelner.KelnerFederate
java_class_path (initial): E:\Pulpit\projekt\bin;C:\Program Files\Java\jdk1.8.0\jre\lib\charsets.jar;C:\Program Files\Java\jdk1.8.0\jre\lib\deploy.jar;C:\Program Files\Java\jdk1.8.0\jre\lib\javaws.jar;C:\Program Files\Java\jdk1.8.0\jre\lib\jce.jar;C:\Program Files\Java\jdk1.8.0\jre\lib\jfr.jar;C:\Program Files\Java\jdk1.8.0\jre\lib\jfxswt.jar;C:\Program Files\Java\jdk1.8.0\jre\lib\jsse.jar;C:\Program Files\Java\jdk1.8.0\jre\lib\management-agent.jar;C:\Program Files\Java\jdk1.8.0\jre\lib\plugin.jar;C:\Program Files\Java\jdk1.8.0\jre\lib\resources.jar;C:\Program Files\Java\jdk1.8.0\jre\lib\rt.jar;C:\Program Files\Java\jdk1.8.0\jre\lib\ext\access-bridge-64.jar;C:\Program Files\Java\jdk1.8.0\jre\lib\ext\cldrdata.jar;C:\Program Files\Java\jdk1.8.0\jre\lib\ext\dnsns.jar;C:\Program Files\Java\jdk1.8.0\jre\lib\ext\jaccess.jar;C:\Program Files\Java\jdk1.8.0\jre\lib\ext\jfxrt.jar;C:\Program Files\Java\jdk1.8.0\jre\lib\ext\localedata.jar;C:\Program Files\Java\jdk1.8.0\jre\lib\ext\nashorn.jar;C:\Program Files\Java\jdk1.8.0\jre\lib\ext\sunec.jar;C:\Program Files\Java\jdk1.8.0\jre\lib\ext\sunjce_provider.jar;C:\Program Files\Java\jdk1.8.0\jre\lib\ext\sunmscapi.jar;C:\Program Files\Java\jdk1.8.0\jre\lib\ext\sunpkcs11.jar;C:\Program Files\Java\jdk1.8.0\jre\lib\ext\zipfs.jar;C:\Program Files\Portico\portico-2.0.1\lib\portico.jar;C:\Program Files (x86)\JetBrains\IntelliJ IDEA 14.1.3\lib\idea_rt.jar
Launcher Type: SUN_STANDARD

Environment Variables:
JAVA_HOME=C:\Program Files\Java\jdk1.8.0\
PATH=C:\ProgramData\Oracle\Java\javapath;C:\Program Files (x86)\NVIDIA Corporation\PhysX\Common;C:\Windows\system32;c:\dev\apache-maven-3.2.2\\bin\;C:\Program Files (x86)\Graphviz2.38\bin;C:\Program Files (x86)\Skype\Phone\;C:\Program Files (x86)\Windows Kits\8.1\Windows Performance Toolkit\;C:\Program Files (x86)\Microsoft SDKs\TypeScript\1.0\;C:\Program Files\Microsoft SQL Server\120\Tools\Binn\;C:\Program Files\Microsoft SQL Server\Client SDK\ODBC\110\Tools\Binn\;C:\Program Files (x86)\Microsoft SQL Server\120\Tools\Binn\;C:\Program Files\Microsoft SQL Server\120\DTS\Binn\;C:\Program Files (x86)\CloudFoundry;C:\Program Files (x86)\Git\cmd;C:\Program Files\nodejs\;C:\Users\Daniel\AppData\Roaming\npm
USERNAME=Daniel
OS=Windows_NT
PROCESSOR_IDENTIFIER=Intel64 Family 6 Model 42 Stepping 7, GenuineIntel



---------------  S Y S T E M  ---------------

OS: Windows 8.1 , 64 bit Build 9600 

CPU:total 4 (2 cores per cpu, 2 threads per core) family 6 model 42 stepping 7, cmov, cx8, fxsr, mmx, sse, sse2, sse3, ssse3, sse4.1, sse4.2, popcnt, avx, aes, clmul, ht, tsc, tscinvbit

Memory: 4k page, physical 8298256k(3242680k free), swap 8298256k(20968k free)

vm_info: Java HotSpot(TM) 64-Bit Server VM (25.0-b70) for windows-amd64 JRE (1.8.0-b132), built on Mar  4 2014 03:46:18 by "java_re" with MS VC++ 10.0 (VS2010)

time: Tue Jun 23 22:48:06 2015
elapsed time: 127 seconds

